2021-05-01 17:21:12 | [INFO]    | Discordia 2.8.4
2021-05-01 17:21:12 | [INFO]    | Connecting to Discord...
2021-05-01 17:21:12 | [ERROR]   | 401 - Unauthorized : GET https://discord.com/api/v7/users/@me
2021-05-01 17:21:12 | [ERROR]   | Could not authenticate, check token: HTTP Error 0 : 401: Unauthorized
2021-05-01 17:22:42 | [INFO]    | Discordia 2.8.4
2021-05-01 17:22:42 | [INFO]    | Connecting to Discord...
2021-05-01 17:22:42 | [INFO]    | Authenticated as LuaBot#3856
2021-05-01 17:22:42 | [INFO]    | Launching shard 0 (1 out of 1)...
2021-05-01 17:22:43 | [INFO]    | Shard 0 : Connected to wss://gateway.discord.gg
2021-05-01 17:22:43 | [INFO]    | Shard 0 : Received HELLO
2021-05-01 17:22:43 | [INFO]    | Shard 0 : Received READY
2021-05-01 17:26:52 | [INFO]    | Discordia 2.8.4
2021-05-01 17:26:52 | [INFO]    | Connecting to Discord...
2021-05-01 17:26:52 | [INFO]    | Authenticated as LuaBot#3856
2021-05-01 17:26:52 | [INFO]    | Launching shard 0 (1 out of 1)...
2021-05-01 17:26:53 | [INFO]    | Shard 0 : Connected to wss://gateway.discord.gg
2021-05-01 17:26:53 | [INFO]    | Shard 0 : Received HELLO
2021-05-01 17:26:53 | [INFO]    | Shard 0 : Received READY
2021-05-01 17:30:15 | [INFO]    | Discordia 2.8.4
2021-05-01 17:30:15 | [INFO]    | Connecting to Discord...
2021-05-01 17:30:15 | [INFO]    | Authenticated as LuaBot#3856
2021-05-01 17:30:15 | [INFO]    | Launching shard 0 (1 out of 1)...
2021-05-01 17:30:15 | [INFO]    | Shard 0 : Connected to wss://gateway.discord.gg
2021-05-01 17:30:15 | [INFO]    | Shard 0 : Received HELLO
2021-05-01 17:30:15 | [INFO]    | Shard 0 : Received READY
2021-05-01 17:32:32 | [INFO]    | Discordia 2.8.4
2021-05-01 17:32:32 | [INFO]    | Connecting to Discord...
2021-05-01 17:32:33 | [INFO]    | Authenticated as LuaBot#3856
2021-05-01 17:32:33 | [INFO]    | Launching shard 0 (1 out of 1)...
2021-05-01 17:32:33 | [INFO]    | Shard 0 : Connected to wss://gateway.discord.gg
2021-05-01 17:32:33 | [INFO]    | Shard 0 : Received HELLO
2021-05-01 17:32:33 | [INFO]    | Shard 0 : Received READY
2021-05-01 17:40:43 | [INFO]    | Discordia 2.8.4
2021-05-01 17:40:43 | [INFO]    | Connecting to Discord...
2021-05-01 17:40:43 | [INFO]    | Authenticated as LuaBot#3856
2021-05-01 17:40:43 | [INFO]    | Launching shard 0 (1 out of 1)...
2021-05-01 17:40:43 | [INFO]    | Shard 0 : Connected to wss://gateway.discord.gg
2021-05-01 17:40:43 | [INFO]    | Shard 0 : Received HELLO
2021-05-01 17:40:44 | [INFO]    | Shard 0 : Received READY
